0 info it worked if it ends with ok
1 verbose cli [ '/home/zeratoul/.nvm/versions/node/v6.0.0/bin/node',
1 verbose cli   '/home/zeratoul/.nvm/versions/node/v6.0.0/bin/npm',
1 verbose cli   'start' ]
2 info using npm@3.8.6
3 info using node@v6.0.0
4 verbose run-script [ 'prestart', 'start', 'poststart' ]
5 info lifecycle robofest-scoreboard@0.3.0~prestart: robofest-scoreboard@0.3.0
6 silly lifecycle robofest-scoreboard@0.3.0~prestart: no script for prestart, continuing
7 info lifecycle robofest-scoreboard@0.3.0~start: robofest-scoreboard@0.3.0
8 verbose lifecycle robofest-scoreboard@0.3.0~start: unsafe-perm in lifecycle true
9 verbose lifecycle robofest-scoreboard@0.3.0~start: PATH: /home/zeratoul/.nvm/versions/node/v6.0.0/lib/node_modules/npm/bin/node-gyp-bin:/home/zeratoul/scoreapp/node_modules/.bin:/home/zeratoul/.nvm/versions/node/v6.0.0/bin:/usr/local/heroku/bin:/home/zeratoul/.nvm/versions/node/v6.0.0/bin:/home/zeratoul/bin:/usr/local/bin:/home/zeratoul/bin:/usr/local/bin:/home/zeratoul/.rvm/gems/ruby-2.1.2/bin:/home/zeratoul/.rvm/gems/ruby-2.1.2@global/bin:/home/zeratoul/.rvm/rubies/ruby-2.1.2/bin:/usr/local/sbin:/usr/local/bin:/usr/sbin:/usr/bin:/sbin:/bin:/usr/games:/usr/local/games:/usr/lib/jvm/java-8-oracle/bin:/usr/lib/jvm/java-8-oracle/db/bin:/usr/lib/jvm/java-8-oracle/jre/bin:/home/zeratoul/.rvm/bin:/home/zeratoul/.rvm/bin:/home/zeratoul/.rvm/bin:/home/zeratoul/.rvm/bin:/home/zeratoul/.rvm/bin:/home/zeratoul/.rvm/bin:/home/zeratoul/.rvm/bin:/home/zeratoul/.rvm/bin:/home/zeratoul/.rvm/bin:/home/zeratoul/.rvm/bin:/home/zeratoul/.rvm/bin
10 verbose lifecycle robofest-scoreboard@0.3.0~start: CWD: /home/zeratoul/scoreapp
11 silly lifecycle robofest-scoreboard@0.3.0~start: Args: [ '-c', 'node ./bin/www' ]
12 silly lifecycle robofest-scoreboard@0.3.0~start: Returned: code: 1  signal: null
13 info lifecycle robofest-scoreboard@0.3.0~start: Failed to exec start script
14 verbose stack Error: robofest-scoreboard@0.3.0 start: `node ./bin/www`
14 verbose stack Exit status 1
14 verbose stack     at EventEmitter.<anonymous> (/home/zeratoul/.nvm/versions/node/v6.0.0/lib/node_modules/npm/lib/utils/lifecycle.js:239:16)
14 verbose stack     at emitTwo (events.js:106:13)
14 verbose stack     at EventEmitter.emit (events.js:191:7)
14 verbose stack     at ChildProcess.<anonymous> (/home/zeratoul/.nvm/versions/node/v6.0.0/lib/node_modules/npm/lib/utils/spawn.js:24:14)
14 verbose stack     at emitTwo (events.js:106:13)
14 verbose stack     at ChildProcess.emit (events.js:191:7)
14 verbose stack     at maybeClose (internal/child_process.js:850:16)
14 verbose stack     at Process.ChildProcess._handle.onexit (internal/child_process.js:215:5)
15 verbose pkgid robofest-scoreboard@0.3.0
16 verbose cwd /home/zeratoul/scoreapp
17 error Linux 3.13.0-100-generic
18 error argv "/home/zeratoul/.nvm/versions/node/v6.0.0/bin/node" "/home/zeratoul/.nvm/versions/node/v6.0.0/bin/npm" "start"
19 error node v6.0.0
20 error npm  v3.8.6
21 error code ELIFECYCLE
22 error robofest-scoreboard@0.3.0 start: `node ./bin/www`
22 error Exit status 1
23 error Failed at the robofest-scoreboard@0.3.0 start script 'node ./bin/www'.
23 error Make sure you have the latest version of node.js and npm installed.
23 error If you do, this is most likely a problem with the robofest-scoreboard package,
23 error not with npm itself.
23 error Tell the author that this fails on your system:
23 error     node ./bin/www
23 error You can get information on how to open an issue for this project with:
23 error     npm bugs robofest-scoreboard
23 error Or if that isn't available, you can get their info via:
23 error     npm owner ls robofest-scoreboard
23 error There is likely additional logging output above.
24 verbose exit [ 1, true ]
